<?xml version="1.0" encoding="UTF-8"?>
<!-- Generated by org.testng.reporters.JUnitXMLReporter -->
<testsuite ignored="0" hostname="home-laptop" failures="3" tests="4" name="Test" time="45.373" errors="0" timestamp="2023-06-25T19:05:26 IST">
  <testcase classname="com.eshop.tests.PositiveAndNegativeLoginTest" name="loginWithTrueEmailAndTruePassword" time="2.068"/>
  <testcase classname="com.eshop.tests.PositiveAndNegativeLoginTest" name="loginWithTrueEmailAndFalsePassword" time="2.125">
    <failure type="java.lang.AssertionError" message="expected [true] but found [false]">
      <![CDATA[java.lang.AssertionError: expected [true] but found [false]
at com.eshop.tests.PositiveAndNegativeLoginTest.loginWithTrueEmailAndFalsePassword(PositiveAndNegativeLoginTest.java:59)
at java.base/java.util.ArrayList.forEach(ArrayList.java:1511)
... Removed 35 stack frames]]>
    </failure>
  </testcase> <!-- loginWithTrueEmailAndFalsePassword -->
  <testcase classname="com.eshop.tests.PositiveAndNegativeLoginTest" name="loginWithFalseEmailAndTruePassword" time="2.29">
    <failure type="java.lang.AssertionError" message="expected [true] but found [false]">
      <![CDATA[java.lang.AssertionError: expected [true] but found [false]
at com.eshop.tests.PositiveAndNegativeLoginTest.loginWithFalseEmailAndTruePassword(PositiveAndNegativeLoginTest.java:76)
at java.base/java.util.ArrayList.forEach(ArrayList.java:1511)
... Removed 35 stack frames]]>
    </failure>
  </testcase> <!-- loginWithFalseEmailAndTruePassword -->
  <testcase classname="com.eshop.tests.PositiveAndNegativeLoginTest" name="loginWithFalseEmailAndFalsePassword" time="1.766">
    <failure type="java.lang.AssertionError" message="expected [true] but found [false]">
      <![CDATA[java.lang.AssertionError: expected [true] but found [false]
at com.eshop.tests.PositiveAndNegativeLoginTest.loginWithFalseEmailAndFalsePassword(PositiveAndNegativeLoginTest.java:93)
at java.base/java.util.ArrayList.forEach(ArrayList.java:1511)
... Removed 35 stack frames]]>
    </failure>
  </testcase> <!-- loginWithFalseEmailAndFalsePassword -->
</testsuite> <!-- Test -->
