<?xml version="1.0" encoding="UTF-8"?>
<testng-results ignored="0" total="1" passed="1" failed="0" skipped="0">
  <reporter-output>
  </reporter-output>
  <suite started-at="2023-06-21T18:03:10 IST" name="Suite" finished-at="2023-06-21T18:03:48 IST" duration-ms="38280">
    <groups>
    </groups>
    <test started-at="2023-06-21T18:03:10 IST" name="Test" finished-at="2023-06-21T18:03:48 IST" duration-ms="38280">
      <class name="com.eshop.tests.TC_loginPage">
        <test-method is-config="true" signature="beforeMethod(java.lang.String)[pri:0, instance:com.eshop.tests.TC_loginPage@15ff3e9e]" started-at="2023-06-21T18:03:10 IST" name="beforeMethod" finished-at="2023-06-21T18:03:43 IST" duration-ms="33637" status="PASS">
          <params>
            <param index="0">
              <value>
                <![CDATA[chrome]]>
              </value>
            </param>
          </params>
          <reporter-output>
          </reporter-output>
        </test-method> <!-- beforeMethod -->
        <test-method signature="loginTest()[pri:0, instance:com.eshop.tests.TC_loginPage@15ff3e9e]" started-at="2023-06-21T18:03:43 IST" name="loginTest" finished-at="2023-06-21T18:03:48 IST" duration-ms="4519" status="PASS">
          <reporter-output>
          </reporter-output>
        </test-method> <!-- loginTest -->
      </class> <!-- com.eshop.tests.TC_loginPage -->
    </test> <!-- Test -->
  </suite> <!-- Suite -->
</testng-results>
